
Fri Feb 22 2019 00:25:53 GMT+0400 (Gulf Standard Time) Connected to MQTT Server
Fri Feb 22 2019 00:25:57 GMT+0400 (Gulf Standard Time) Connected to MQTT Server
Fri Feb 22 2019 00:26:00 GMT+0400 (Gulf Standard Time) Connected to MQTT Server
Fri Feb 22 2019 00:26:05 GMT+0400 (Gulf Standard Time) Connected to MQTT Server
Fri Feb 22 2019 00:33:01 GMT+0400 (Gulf Standard Time) Connected to MQTT Server
Fri Feb 22 2019 00:34:42 GMT+0400 (Gulf Standard Time) Received '{"clientID":"02:00:00:00:00:00","BeaconSignals":[{"283acdcf5be28c0f71dc4b6a84219d29":-75,"6a811095d963f29290ea5371b4177020":-78,"d9b0b6f879088d8f767576e07841e43a":-67,"4454649ebee76a8e5f23a202825c8401":-66}]}' on 'mobile-to-server/beacon-signals'
Fri Feb 22 2019 00:34:42 GMT+0400 (Gulf Standard Time)Sent '{"status":"available","userID":"bbbbb","userXPosition":"4.5","userYPosition":"4.67","loomoXPosition":"4.99","loomoYPosition":"6.79","loomoID":"aaaaa"}' to 'server-to-mobile/loomo-status'
Fri Feb 22 2019 00:34:42 GMT+0400 (Gulf Standard Time) Received '{"status":"available","userID":"bbbbb","userXPosition":"4.5","userYPosition":"4.67","loomoXPosition":"4.99","loomoYPosition":"6.79","loomoID":"aaaaa"}' on 'server-to-mobile/loomo-status'
Fri Feb 22 2019 00:36:20 GMT+0400 (Gulf Standard Time) Connected to MQTT Server2
Fri Feb 22 2019 00:36:20 GMT+0400 (Gulf Standard Time) Connected to MQTT Server
Fri Feb 22 2019 00:36:30 GMT+0400 (Gulf Standard Time) Connected to MQTT Server
Fri Feb 22 2019 00:36:57 GMT+0400 (Gulf Standard Time) Received '{"clientID":"02:00:00:00:00:00","BeaconSignals":[{"283acdcf5be28c0f71dc4b6a84219d29":-77,"4454649ebee76a8e5f23a202825c8401":-75,"6a811095d963f29290ea5371b4177020":-75,"d9b0b6f879088d8f767576e07841e43a":-80}]}' on 'mobile-to-server/beacon-signals'
Fri Feb 22 2019 00:36:57 GMT+0400 (Gulf Standard Time) Sent '{"status":"available","userID":"bbbbb","userXPosition":"4.5","userYPosition":"4.67","loomoXPosition":"4.99","loomoYPosition":"6.79","loomoID":"aaaaa"}' to 'server-to-mobile/loomo-status'
Fri Feb 22 2019 00:36:58 GMT+0400 (Gulf Standard Time) Received '{"status":"available","userID":"bbbbb","userXPosition":"4.5","userYPosition":"4.67","loomoXPosition":"4.99","loomoYPosition":"6.79","loomoID":"aaaaa"}' on 'server-to-mobile/loomo-status'
Fri Feb 22 2019 00:36:58 GMT+0400 (Gulf Standard Time) Received '{"status":"arrived"}' on 'loomo-to-server/loomo-arrival'
Fri Feb 22 2019 00:38:11 GMT+0400 (Gulf Standard Time) Connected to MQTT Server
Fri Feb 22 2019 00:40:31 GMT+0400 (Gulf Standard Time) Sent '{"status":"available","userID":"bbbbb","userXPosition":"4.5","userYPosition":"4.67","loomoXPosition":"4.99","loomoYPosition":"6.79","loomoID":"aaaaa"}' to 'server-to-mobile/loomo-status'
Fri Feb 22 2019 00:40:31 GMT+0400 (Gulf Standard Time) Received '{"clientID":"02:00:00:00:00:00","BeaconSignals":[{"4454649ebee76a8e5f23a202825c8401":-73,"6a811095d963f29290ea5371b4177020":-68,"d9b0b6f879088d8f767576e07841e43a":-78,"283acdcf5be28c0f71dc4b6a84219d29":-93}]}' on 'mobile-to-server/beacon-signals'
Fri Feb 22 2019 00:40:32 GMT+0400 (Gulf Standard Time) Received '{"status":"available","userID":"bbbbb","userXPosition":"4.5","userYPosition":"4.67","loomoXPosition":"4.99","loomoYPosition":"6.79","loomoID":"aaaaa"}' on 'server-to-mobile/loomo-status'
Fri Feb 22 2019 00:40:32 GMT+0400 (Gulf Standard Time) Sent '{"type":"Buffer","data":[123,34,115,116,97,116,117,115,34,58,34,97,114,114,105,118,101,100,34,125]}' to 'server-to-mobile/loomo-arrival'
Fri Feb 22 2019 00:40:32 GMT+0400 (Gulf Standard Time) Received '{"status":"arrived"}' on 'loomo-to-server/loomo-arrival'
Fri Feb 22 2019 00:40:32 GMT+0400 (Gulf Standard Time) Received '{"type":"Buffer","data":[123,34,115,116,97,116,117,115,34,58,34,97,114,114,105,118,101,100,34,125]}' on 'server-to-mobile/loomo-arrival'
Fri Feb 22 2019 00:42:38 GMT+0400 (Gulf Standard Time) Connected to MQTT Server
Fri Feb 22 2019 00:43:45 GMT+0400 (Gulf Standard Time) Connected to MQTT Server
Fri Feb 22 2019 00:54:58 GMT+0400 (Gulf Standard Time) Connected to MQTT Server
Fri Feb 22 2019 00:54:59 GMT+0400 (Gulf Standard Time) Connected to MQTT Server
Fri Feb 22 2019 00:55:54 GMT+0400 (Gulf Standard Time) Connected to MQTT Server
Fri Feb 22 2019 00:55:55 GMT+0400 (Gulf Standard Time) Connected to MQTT Server
Fri Feb 22 2019 01:02:02 GMT+0400 (Gulf Standard Time) Received '{"clientID":"02:00:00:00:00:00","BeaconSignals":[{"d9b0b6f879088d8f767576e07841e43a":-60,"4454649ebee76a8e5f23a202825c8401":-75,"6a811095d963f29290ea5371b4177020":-64,"283acdcf5be28c0f71dc4b6a84219d29":-63}]}' on 'mobile-to-server/beacon-signals'
Fri Feb 22 2019 01:02:02 GMT+0400 (Gulf Standard Time) Sent '{"status":"available","userID":"bbbbb","userXPosition":"4.5","userYPosition":"4.67","loomoXPosition":"4.99","loomoYPosition":"6.79","loomoID":"aaaaa"}' to 'server-to-mobile/loomo-status'
Fri Feb 22 2019 01:02:02 GMT+0400 (Gulf Standard Time) Received '{"status":"available","userID":"bbbbb","userXPosition":"4.5","userYPosition":"4.67","loomoXPosition":"4.99","loomoYPosition":"6.79","loomoID":"aaaaa"}' on 'server-to-mobile/loomo-status'
Fri Feb 22 2019 01:02:02 GMT+0400 (Gulf Standard Time) Received '{"status":"arrived"}' on 'loomo-to-server/loomo-arrival'
Fri Feb 22 2019 01:02:02 GMT+0400 (Gulf Standard Time) Sent '{"status":"arrived"}' to 'server-to-mobile/loomo-arrival'
Fri Feb 22 2019 01:02:02 GMT+0400 (Gulf Standard Time) Received '{"status":"arrived"}' on 'server-to-mobile/loomo-arrival'
Fri Feb 22 2019 01:02:07 GMT+0400 (Gulf Standard Time) Received '{"clientID":"02:00:00:00:00:00"}' on 'mobile-to-server/loomo-dismissal'
Fri Feb 22 2019 01:02:07 GMT+0400 (Gulf Standard Time) Sent '{"type":"loomo-dismissal","message":"loomo could not be dismissed"}' to 'server-to-mobile/error'
Fri Feb 22 2019 01:02:08 GMT+0400 (Gulf Standard Time) Received '{"type":"loomo-dismissal","message":"loomo could not be dismissed"}' on 'server-to-mobile/error'
Fri Feb 22 2019 01:04:24 GMT+0400 (Gulf Standard Time) Connected to MQTT Server
Fri Feb 22 2019 01:05:22 GMT+0400 (Gulf Standard Time) Received '{"clientID":"02:00:00:00:00:00"}' on 'mobile-to-server/loomo-dismissal'
Fri Feb 22 2019 01:05:22 GMT+0400 (Gulf Standard Time) Sent '{"type":"loomo-dismissal","message":"loomo could not be dismissed"}' to 'server-to-mobile/error'
Fri Feb 22 2019 01:15:53 GMT+0400 (Gulf Standard Time) Connected to MQTT Server
Fri Feb 22 2019 01:16:06 GMT+0400 (Gulf Standard Time) Connected to MQTT Server
Fri Feb 22 2019 01:20:15 GMT+0400 (Gulf Standard Time) Connected to MQTT Server
Fri Feb 22 2019 01:20:55 GMT+0400 (Gulf Standard Time) Sent '{"status":"available","userID":"bbbbb","userXPosition":"4.5","userYPosition":"4.67","loomoXPosition":"4.99","loomoYPosition":"6.79","loomoID":"aaaaa"}' to 'server-to-mobile/loomo-status'
Fri Feb 22 2019 01:20:55 GMT+0400 (Gulf Standard Time) Received '{"clientID":"02:00:00:00:00:00","BeaconSignals":[{"6a811095d963f29290ea5371b4177020":-61,"d9b0b6f879088d8f767576e07841e43a":-60,"283acdcf5be28c0f71dc4b6a84219d29":-70,"4454649ebee76a8e5f23a202825c8401":-61}]}' on 'mobile-to-server/beacon-signals'
Fri Feb 22 2019 01:20:55 GMT+0400 (Gulf Standard Time) Received '{"status":"arrived"}' on 'loomo-to-server/loomo-arrival'
Fri Feb 22 2019 01:20:55 GMT+0400 (Gulf Standard Time) Sent '{"status":"arrived"}' to 'server-to-mobile/loomo-arrival'
Fri Feb 22 2019 01:21:21 GMT+0400 (Gulf Standard Time) Received '{"destination":"hi Hussain  ","mode":"guide"}' on 'mobile-to-server/user-destination'
Fri Feb 22 2019 01:21:21 GMT+0400 (Gulf Standard Time) Sent '{"destination":"hi Hussain  ","mode":"guide"}' to 'server-to-loomo/loomo-arrival'
Sat Feb 23 2019 12:49:31 GMT+0400 (Gulf Standard Time) Connected to MQTT Server
Sat Feb 23 2019 12:49:50 GMT+0400 (Gulf Standard Time) Connected to MQTT Server
Sat Feb 23 2019 12:49:58 GMT+0400 (Gulf Standard Time) Connected to MQTT Server
Sat Feb 23 2019 12:52:43 GMT+0400 (Gulf Standard Time) Connected to MQTT Server
Sat Feb 23 2019 13:01:32 GMT+0400 (Gulf Standard Time) Connected to MQTT Server
Sat Feb 23 2019 13:02:21 GMT+0400 (Gulf Standard Time) Connected to MQTT Server
Sat Feb 23 2019 13:02:37 GMT+0400 (Gulf Standard Time) Connected to MQTT Server
Sat Feb 23 2019 13:03:39 GMT+0400 (Gulf Standard Time) Connected to MQTT Server
Sat Feb 23 2019 13:03:51 GMT+0400 (Gulf Standard Time) Connected to MQTT Server
Sat Feb 23 2019 13:04:03 GMT+0400 (Gulf Standard Time) Connected to MQTT Server
Sat Feb 23 2019 13:05:16 GMT+0400 (Gulf Standard Time) Connected to MQTT Server
Sat Feb 23 2019 13:06:11 GMT+0400 (Gulf Standard Time) Connected to MQTT Server
Sat Feb 23 2019 13:06:47 GMT+0400 (Gulf Standard Time) Connected to MQTT Server
Sat Feb 23 2019 13:07:59 GMT+0400 (Gulf Standard Time) Connected to MQTT Server
Sat Feb 23 2019 13:10:12 GMT+0400 (Gulf Standard Time) Connected to MQTT Server
Sat Feb 23 2019 13:10:48 GMT+0400 (Gulf Standard Time) Connected to MQTT Server
Sat Feb 23 2019 13:12:43 GMT+0400 (Gulf Standard Time) Connected to MQTT Server
Sat Feb 23 2019 13:13:01 GMT+0400 (Gulf Standard Time) Connected to MQTT Server
Sat Feb 23 2019 13:13:24 GMT+0400 (Gulf Standard Time) Connected to MQTT Server
Sat Feb 23 2019 13:13:40 GMT+0400 (Gulf Standard Time) Connected to MQTT Server
Sat Feb 23 2019 13:23:26 GMT+0400 (Gulf Standard Time) Connected to MQTT Server
Sat Feb 23 2019 13:23:37 GMT+0400 (Gulf Standard Time) Connected to MQTT Server
Sat Feb 23 2019 13:25:03 GMT+0400 (Gulf Standard Time) Connected to MQTT Server